\BOOKMARK [1][-]{Doc-Start}{Abstract}{}% 1
\BOOKMARK [0][-]{chapter.1}{Introduction}{}% 2
\BOOKMARK [0][-]{chapter.2}{Literature Review}{}% 3
\BOOKMARK [1][-]{section.2.1}{Compressor Models}{chapter.2}% 4
\BOOKMARK [1][-]{section.2.2}{Model Predictive Control of Compressor Systems}{chapter.2}% 5
\BOOKMARK [1][-]{section.2.3}{Distributed Model Predictive Control}{chapter.2}% 6
\BOOKMARK [0][-]{chapter.3}{Modelling \046 Simulation}{}% 7
\BOOKMARK [1][-]{section.3.1}{Single Compressor}{chapter.3}% 8
\BOOKMARK [1][-]{section.3.2}{Parallel Compressor System}{chapter.3}% 9
\BOOKMARK [1][-]{section.3.3}{Serial Compressor System}{chapter.3}% 10
\BOOKMARK [0][-]{chapter.4}{Model Predictive Control}{}% 11
\BOOKMARK [1][-]{section.4.1}{Introduction? Fundamental Equations?}{chapter.4}% 12
\BOOKMARK [1][-]{section.4.2}{Centralized Approach}{chapter.4}% 13
\BOOKMARK [1][-]{section.4.3}{Distributed MPC}{chapter.4}% 14
\BOOKMARK [2][-]{subsection.4.3.1}{Cooperative Control}{section.4.3}% 15
\BOOKMARK [2][-]{subsection.4.3.2}{Non-cooperative Control}{section.4.3}% 16
\BOOKMARK [2][-]{subsection.4.3.3}{Distributed State Estimation?}{section.4.3}% 17
\BOOKMARK [0][-]{chapter.5}{Implementation}{}% 18
\BOOKMARK [1][-]{section.5.1}{Quadratic Programming Solver}{chapter.5}% 19
\BOOKMARK [1][-]{section.5.2}{Embedded MATLAB Implementation}{chapter.5}% 20
\BOOKMARK [1][-]{section.5.3}{C++ Implementation}{chapter.5}% 21
\BOOKMARK [0][-]{chapter.6}{Results}{}% 22
\BOOKMARK [1][-]{section.6.1}{Parallel Compressor System}{chapter.6}% 23
\BOOKMARK [2][-]{subsection.6.1.1}{Benchmark Tests}{section.6.1}% 24
\BOOKMARK [2][-]{subsection.6.1.2}{Comparison: Controller Performance}{section.6.1}% 25
\BOOKMARK [2][-]{subsection.6.1.3}{Comparison: Computation Time}{section.6.1}% 26
\BOOKMARK [1][-]{section.6.2}{Serial Compressor System}{chapter.6}% 27
\BOOKMARK [2][-]{subsection.6.2.1}{Benchmark Tests}{section.6.2}% 28
\BOOKMARK [2][-]{subsection.6.2.2}{Comparison: Controller Performance}{section.6.2}% 29
\BOOKMARK [2][-]{subsection.6.2.3}{Comparison: Computation Time}{section.6.2}% 30
\BOOKMARK [0][-]{chapter.7}{Conclusion}{}% 31
