\BOOKMARK [0][-]{chapter.1}{Introduction}{}% 1
\BOOKMARK [0][-]{chapter.2}{Literature Review}{}% 2
\BOOKMARK [1][-]{section.2.1}{Compressor Models}{chapter.2}% 3
\BOOKMARK [1][-]{section.2.2}{Model Predictive Control of Compressor Systems}{chapter.2}% 4
\BOOKMARK [1][-]{section.2.3}{Distributed Model Predictive Control}{chapter.2}% 5
\BOOKMARK [0][-]{chapter.3}{Modelling \046 Simulation}{}% 6
\BOOKMARK [1][-]{section.3.1}{Single Compressor}{chapter.3}% 7
\BOOKMARK [1][-]{section.3.2}{Parallel Compressor System}{chapter.3}% 8
\BOOKMARK [1][-]{section.3.3}{Serial Compressor System}{chapter.3}% 9
\BOOKMARK [0][-]{chapter.4}{Model Predictive Control}{}% 10
\BOOKMARK [1][-]{section.4.1}{Introduction? Fundamental Equations?}{chapter.4}% 11
\BOOKMARK [1][-]{section.4.2}{Centralized Approach}{chapter.4}% 12
\BOOKMARK [1][-]{section.4.3}{Distributed MPC}{chapter.4}% 13
\BOOKMARK [2][-]{subsection.4.3.1}{Cooperative Control}{section.4.3}% 14
\BOOKMARK [2][-]{subsection.4.3.2}{Non-cooperative Control}{section.4.3}% 15
\BOOKMARK [2][-]{subsection.4.3.3}{Distributed State Estimation?}{section.4.3}% 16
\BOOKMARK [0][-]{chapter.5}{Results}{}% 17
\BOOKMARK [1][-]{section.5.1}{Parallel Compressor System}{chapter.5}% 18
\BOOKMARK [2][-]{subsection.5.1.1}{Benchmark Tests}{section.5.1}% 19
\BOOKMARK [2][-]{subsection.5.1.2}{Comparison: Controller Performance}{section.5.1}% 20
\BOOKMARK [2][-]{subsection.5.1.3}{Comparison: Computation Time}{section.5.1}% 21
\BOOKMARK [1][-]{section.5.2}{Serial Compressor System}{chapter.5}% 22
\BOOKMARK [2][-]{subsection.5.2.1}{Benchmark Tests}{section.5.2}% 23
\BOOKMARK [2][-]{subsection.5.2.2}{Comparison: Controller Performance}{section.5.2}% 24
\BOOKMARK [2][-]{subsection.5.2.3}{Comparison: Computation Time}{section.5.2}% 25
